2018-11-29 16:04:10,735 [ModalContext] INFO  o.e.m.c.i.e.AbstractTransferListenerAdapter - Downloading http://repo.maven.apache.org/maven2/org/apache/maven/archetypes/maven-archetype-quickstart/maven-metadata.xml
2018-11-29 16:04:11,088 [ModalContext] INFO  o.e.m.c.i.e.AbstractTransferListenerAdapter - Downloaded http://repo.maven.apache.org/maven2/org/apache/maven/archetypes/maven-archetype-quickstart/maven-metadata.xml
2018-11-29 16:04:11,274 [ModalContext] INFO  o.e.m.c.i.e.AbstractTransferListenerAdapter - Downloading http://repo.maven.apache.org/maven2/org/apache/maven/archetypes/maven-archetype-quickstart/1.3/maven-archetype-quickstart-1.3.jar
2018-11-29 16:04:11,621 [ModalContext] INFO  o.e.m.c.i.e.AbstractTransferListenerAdapter - Downloaded http://repo.maven.apache.org/maven2/org/apache/maven/archetypes/maven-archetype-quickstart/1.3/maven-archetype-quickstart-1.3.jar
2018-11-29 16:04:37,706 [Worker-7] INFO  o.e.m.c.i.e.AbstractTransferListenerAdapter - Downloading http://repo.maven.apache.org/maven2/org/apache/maven/archetypes/maven-archetype-quickstart/1.3/maven-archetype-quickstart-1.3.pom
2018-11-29 16:04:38,048 [Worker-7] INFO  o.e.m.c.i.e.AbstractTransferListenerAdapter - Downloaded http://repo.maven.apache.org/maven2/org/apache/maven/archetypes/maven-archetype-quickstart/1.3/maven-archetype-quickstart-1.3.pom
2018-11-29 16:04:38,126 [pool-2-thread-1] INFO  o.e.m.c.i.e.AbstractTransferListenerAdapter - Downloaded file:///C:/Users/niketk/.m2/repository/org/apache/maven/archetypes/maven-archetype-quickstart/1.3/maven-archetype-quickstart-1.3.jar
2018-11-29 16:04:38,189 [Worker-7] INFO  o.e.m.c.i.p.ProjectConfigurationManager - Collecting project info '/pom.xml' C:\Niket\Java material\Hibernate\MavenHibernate\pom.xml
2018-11-29 16:04:40,320 [Worker-7] INFO  o.e.m.c.i.l.LifecycleMappingFactory - Using org.eclipse.m2e.jdt.JarLifecycleMapping lifecycle mapping for MavenProject: MavenHibernate:MavenHibernate:0.0.1-SNAPSHOT @ C:\Niket\Java material\Hibernate\MavenHibernate\pom.xml.
2018-11-29 16:04:40,816 [Worker-7] INFO  o.e.m.j.i.AbstractJavaProjectConfigurator - Adding source folder /MavenHibernate/src/main/java
2018-11-29 16:04:40,832 [Worker-7] INFO  o.e.m.j.i.AbstractJavaProjectConfigurator - Adding source folder /MavenHibernate/src/test/java
2018-11-29 16:04:40,926 [Worker-7] INFO  o.e.m.c.i.p.ProjectConfigurationManager - Imported and configured 1 project(s) in 2 sec
2018-11-29 16:04:41,386 [Worker-1] INFO  o.e.m.c.i.l.LifecycleMappingFactory - Using org.eclipse.m2e.jdt.JarLifecycleMapping lifecycle mapping for MavenProject: MavenHibernate:MavenHibernate:0.0.1-SNAPSHOT @ C:\Niket\Java material\Hibernate\MavenHibernate\pom.xml.
2018-11-29 16:04:41,811 [Worker-5] INFO  o.e.m.c.i.l.LifecycleMappingFactory - Using org.eclipse.m2e.jdt.JarLifecycleMapping lifecycle mapping for MavenProject: MavenHibernate:MavenHibernate:0.0.1-SNAPSHOT @ C:\Niket\Java material\Hibernate\MavenHibernate\pom.xml.
2018-11-29 16:04:41,960 [Worker-5] INFO  o.e.m.c.i.embedder.EclipseLogger - Using 'UTF-8' encoding to copy filtered resources.
2018-11-29 16:04:41,960 [Worker-5] INFO  o.e.m.c.i.embedder.EclipseLogger - skip non existing resourceDirectory C:\Niket\Java material\Hibernate\MavenHibernate\src\main\resources
2018-11-29 16:04:41,960 [Worker-5] INFO  o.e.m.c.i.embedder.EclipseLogger - Using 'UTF-8' encoding to copy filtered resources.
2018-11-29 16:04:41,960 [Worker-5] INFO  o.e.m.c.i.embedder.EclipseLogger - skip non existing resourceDirectory C:\Niket\Java material\Hibernate\MavenHibernate\src\test\resources
2018-11-29 16:04:43,104 [Worker-7] INFO  o.e.m.c.i.l.LifecycleMappingFactory - Using org.eclipse.m2e.jdt.JarLifecycleMapping lifecycle mapping for MavenProject: MavenHibernate:MavenHibernate:0.0.1-SNAPSHOT @ C:\Niket\Java material\Hibernate\MavenHibernate\pom.xml.
2018-11-29 16:04:43,439 [Worker-8] INFO  o.e.m.c.i.embedder.EclipseLogger - Using 'UTF-8' encoding to copy filtered resources.
2018-11-29 16:04:43,439 [Worker-8] INFO  o.e.m.c.i.embedder.EclipseLogger - skip non existing resourceDirectory C:\Niket\Java material\Hibernate\MavenHibernate\src\main\resources
2018-11-29 16:04:43,439 [Worker-8] INFO  o.e.m.c.i.embedder.EclipseLogger - Using 'UTF-8' encoding to copy filtered resources.
2018-11-29 16:04:43,455 [Worker-8] INFO  o.e.m.c.i.embedder.EclipseLogger - skip non existing resourceDirectory C:\Niket\Java material\Hibernate\MavenHibernate\src\test\resources
2018-11-29 16:06:37,170 [Worker-0] INFO  o.e.m.c.i.l.LifecycleMappingFactory - Using org.eclipse.m2e.jdt.JarLifecycleMapping lifecycle mapping for MavenProject: MavenHibernate:MavenHibernate:0.0.1-SNAPSHOT @ C:\Niket\Java material\Hibernate\MavenHibernate\pom.xml.
2018-11-29 16:06:37,348 [Worker-0] INFO  o.e.m.c.i.e.AbstractTransferListenerAdapter - Downloading http://repo.maven.apache.org/maven2/org/hibernate/hibernate-core/4.3.6.Final/hibernate-core-4.3.6.Final.pom
2018-11-29 16:06:37,693 [Worker-0] INFO  o.e.m.c.i.e.AbstractTransferListenerAdapter - Downloaded http://repo.maven.apache.org/maven2/org/hibernate/hibernate-core/4.3.6.Final/hibernate-core-4.3.6.Final.pom
2018-11-29 16:06:37,881 [Worker-0] INFO  o.e.m.c.i.e.AbstractTransferListenerAdapter - Downloading http://repo.maven.apache.org/maven2/org/jboss/logging/jboss-logging/3.1.3.GA/jboss-logging-3.1.3.GA.pom
2018-11-29 16:06:38,225 [Worker-0] INFO  o.e.m.c.i.e.AbstractTransferListenerAdapter - Downloaded http://repo.maven.apache.org/maven2/org/jboss/logging/jboss-logging/3.1.3.GA/jboss-logging-3.1.3.GA.pom
2018-11-29 16:06:38,409 [Worker-0] INFO  o.e.m.c.i.e.AbstractTransferListenerAdapter - Downloading http://repo.maven.apache.org/maven2/org/jboss/jboss-parent/9/jboss-parent-9.pom
2018-11-29 16:06:38,928 [Worker-0] INFO  o.e.m.c.i.e.AbstractTransferListenerAdapter - Downloaded http://repo.maven.apache.org/maven2/org/jboss/jboss-parent/9/jboss-parent-9.pom
2018-11-29 16:06:39,124 [Worker-0] INFO  o.e.m.c.i.e.AbstractTransferListenerAdapter - Downloading http://repo.maven.apache.org/maven2/org/jboss/logging/jboss-logging-annotations/1.2.0.Beta1/jboss-logging-annotations-1.2.0.Beta1.pom
2018-11-29 16:06:39,470 [Worker-0] INFO  o.e.m.c.i.e.AbstractTransferListenerAdapter - Downloaded http://repo.maven.apache.org/maven2/org/jboss/logging/jboss-logging-annotations/1.2.0.Beta1/jboss-logging-annotations-1.2.0.Beta1.pom
2018-11-29 16:06:39,656 [Worker-0] INFO  o.e.m.c.i.e.AbstractTransferListenerAdapter - Downloading http://repo.maven.apache.org/maven2/org/jboss/logging/jboss-logging-tools-parent/1.2.0.Beta1/jboss-logging-tools-parent-1.2.0.Beta1.pom
2018-11-29 16:06:40,001 [Worker-0] INFO  o.e.m.c.i.e.AbstractTransferListenerAdapter - Downloaded http://repo.maven.apache.org/maven2/org/jboss/logging/jboss-logging-tools-parent/1.2.0.Beta1/jboss-logging-tools-parent-1.2.0.Beta1.pom
2018-11-29 16:06:40,185 [Worker-0] INFO  o.e.m.c.i.e.AbstractTransferListenerAdapter - Downloading http://repo.maven.apache.org/maven2/org/jboss/jboss-parent/10/jboss-parent-10.pom
2018-11-29 16:06:40,533 [Worker-0] INFO  o.e.m.c.i.e.AbstractTransferListenerAdapter - Downloaded http://repo.maven.apache.org/maven2/org/jboss/jboss-parent/10/jboss-parent-10.pom
2018-11-29 16:06:40,733 [Worker-0] INFO  o.e.m.c.i.e.AbstractTransferListenerAdapter - Downloading http://repo.maven.apache.org/maven2/org/jboss/spec/javax/transaction/jboss-transaction-api_1.2_spec/1.0.0.Final/jboss-transaction-api_1.2_spec-1.0.0.Final.pom
2018-11-29 16:06:41,080 [Worker-0] INFO  o.e.m.c.i.e.AbstractTransferListenerAdapter - Downloaded http://repo.maven.apache.org/maven2/org/jboss/spec/javax/transaction/jboss-transaction-api_1.2_spec/1.0.0.Final/jboss-transaction-api_1.2_spec-1.0.0.Final.pom
2018-11-29 16:06:41,489 [Worker-0] INFO  o.e.m.c.i.e.AbstractTransferListenerAdapter - Downloading http://repo.maven.apache.org/maven2/org/hibernate/common/hibernate-commons-annotations/4.0.5.Final/hibernate-commons-annotations-4.0.5.Final.pom
2018-11-29 16:06:41,834 [Worker-0] INFO  o.e.m.c.i.e.AbstractTransferListenerAdapter - Downloaded http://repo.maven.apache.org/maven2/org/hibernate/common/hibernate-commons-annotations/4.0.5.Final/hibernate-commons-annotations-4.0.5.Final.pom
2018-11-29 16:06:42,029 [Worker-0] INFO  o.e.m.c.i.e.AbstractTransferListenerAdapter - Downloading http://repo.maven.apache.org/maven2/org/hibernate/javax/persistence/hibernate-jpa-2.1-api/1.0.0.Final/hibernate-jpa-2.1-api-1.0.0.Final.pom
2018-11-29 16:06:42,373 [Worker-0] INFO  o.e.m.c.i.e.AbstractTransferListenerAdapter - Downloaded http://repo.maven.apache.org/maven2/org/hibernate/javax/persistence/hibernate-jpa-2.1-api/1.0.0.Final/hibernate-jpa-2.1-api-1.0.0.Final.pom
2018-11-29 16:06:42,591 [Worker-0] INFO  o.e.m.c.i.e.AbstractTransferListenerAdapter - Downloading http://repo.maven.apache.org/maven2/org/jboss/jandex/1.1.0.Final/jandex-1.1.0.Final.pom
2018-11-29 16:06:42,936 [Worker-0] INFO  o.e.m.c.i.e.AbstractTransferListenerAdapter - Downloaded http://repo.maven.apache.org/maven2/org/jboss/jandex/1.1.0.Final/jandex-1.1.0.Final.pom
2018-11-29 16:06:43,117 [Worker-0] INFO  o.e.m.c.i.e.AbstractTransferListenerAdapter - Downloading http://repo.maven.apache.org/maven2/org/jboss/jboss-parent/5/jboss-parent-5.pom
2018-11-29 16:06:43,462 [Worker-0] INFO  o.e.m.c.i.e.AbstractTransferListenerAdapter - Downloaded http://repo.maven.apache.org/maven2/org/jboss/jboss-parent/5/jboss-parent-5.pom
2018-11-29 16:06:43,721 [Worker-0] INFO  o.e.m.c.i.e.AbstractTransferListenerAdapter - Downloading http://repo.maven.apache.org/maven2/org/hibernate/hibernate-core/4.3.6.Final/hibernate-core-4.3.6.Final.jar
2018-11-29 16:06:45,401 [Worker-0] INFO  o.e.m.c.i.e.AbstractTransferListenerAdapter - Downloaded http://repo.maven.apache.org/maven2/org/hibernate/hibernate-core/4.3.6.Final/hibernate-core-4.3.6.Final.jar
2018-11-29 16:06:45,567 [Worker-0] INFO  o.e.m.c.i.e.AbstractTransferListenerAdapter - Downloading http://repo.maven.apache.org/maven2/org/jboss/logging/jboss-logging/3.1.3.GA/jboss-logging-3.1.3.GA.jar
2018-11-29 16:06:45,910 [Worker-0] INFO  o.e.m.c.i.e.AbstractTransferListenerAdapter - Downloaded http://repo.maven.apache.org/maven2/org/jboss/logging/jboss-logging/3.1.3.GA/jboss-logging-3.1.3.GA.jar
2018-11-29 16:06:46,077 [Worker-0] INFO  o.e.m.c.i.e.AbstractTransferListenerAdapter - Downloading http://repo.maven.apache.org/maven2/org/jboss/logging/jboss-logging-annotations/1.2.0.Beta1/jboss-logging-annotations-1.2.0.Beta1.jar
2018-11-29 16:06:46,419 [Worker-0] INFO  o.e.m.c.i.e.AbstractTransferListenerAdapter - Downloaded http://repo.maven.apache.org/maven2/org/jboss/logging/jboss-logging-annotations/1.2.0.Beta1/jboss-logging-annotations-1.2.0.Beta1.jar
2018-11-29 16:06:46,586 [Worker-0] INFO  o.e.m.c.i.e.AbstractTransferListenerAdapter - Downloading http://repo.maven.apache.org/maven2/org/jboss/spec/javax/transaction/jboss-transaction-api_1.2_spec/1.0.0.Final/jboss-transaction-api_1.2_spec-1.0.0.Final.jar
2018-11-29 16:06:46,930 [Worker-0] INFO  o.e.m.c.i.e.AbstractTransferListenerAdapter - Downloaded http://repo.maven.apache.org/maven2/org/jboss/spec/javax/transaction/jboss-transaction-api_1.2_spec/1.0.0.Final/jboss-transaction-api_1.2_spec-1.0.0.Final.jar
2018-11-29 16:06:47,097 [Worker-0] INFO  o.e.m.c.i.e.AbstractTransferListenerAdapter - Downloading http://repo.maven.apache.org/maven2/xml-apis/xml-apis/1.0.b2/xml-apis-1.0.b2.jar
2018-11-29 16:06:47,442 [Worker-0] INFO  o.e.m.c.i.e.AbstractTransferListenerAdapter - Downloaded http://repo.maven.apache.org/maven2/xml-apis/xml-apis/1.0.b2/xml-apis-1.0.b2.jar
2018-11-29 16:06:47,609 [Worker-0] INFO  o.e.m.c.i.e.AbstractTransferListenerAdapter - Downloading http://repo.maven.apache.org/maven2/org/hibernate/common/hibernate-commons-annotations/4.0.5.Final/hibernate-commons-annotations-4.0.5.Final.jar
2018-11-29 16:06:47,955 [Worker-0] INFO  o.e.m.c.i.e.AbstractTransferListenerAdapter - Downloaded http://repo.maven.apache.org/maven2/org/hibernate/common/hibernate-commons-annotations/4.0.5.Final/hibernate-commons-annotations-4.0.5.Final.jar
2018-11-29 16:06:48,121 [Worker-0] INFO  o.e.m.c.i.e.AbstractTransferListenerAdapter - Downloading http://repo.maven.apache.org/maven2/org/hibernate/javax/persistence/hibernate-jpa-2.1-api/1.0.0.Final/hibernate-jpa-2.1-api-1.0.0.Final.jar
2018-11-29 16:06:48,468 [Worker-0] INFO  o.e.m.c.i.e.AbstractTransferListenerAdapter - Downloaded http://repo.maven.apache.org/maven2/org/hibernate/javax/persistence/hibernate-jpa-2.1-api/1.0.0.Final/hibernate-jpa-2.1-api-1.0.0.Final.jar
2018-11-29 16:06:48,636 [Worker-0] INFO  o.e.m.c.i.e.AbstractTransferListenerAdapter - Downloading http://repo.maven.apache.org/maven2/org/javassist/javassist/3.18.1-GA/javassist-3.18.1-GA.jar
2018-11-29 16:06:49,344 [Worker-0] INFO  o.e.m.c.i.e.AbstractTransferListenerAdapter - Downloaded http://repo.maven.apache.org/maven2/org/javassist/javassist/3.18.1-GA/javassist-3.18.1-GA.jar
2018-11-29 16:06:49,512 [Worker-0] INFO  o.e.m.c.i.e.AbstractTransferListenerAdapter - Downloading http://repo.maven.apache.org/maven2/org/jboss/jandex/1.1.0.Final/jandex-1.1.0.Final.jar
2018-11-29 16:06:49,862 [Worker-0] INFO  o.e.m.c.i.e.AbstractTransferListenerAdapter - Downloaded http://repo.maven.apache.org/maven2/org/jboss/jandex/1.1.0.Final/jandex-1.1.0.Final.jar
2018-11-29 16:06:50,542 [Worker-0] INFO  o.e.m.c.i.embedder.EclipseLogger - Using 'UTF-8' encoding to copy filtered resources.
2018-11-29 16:06:50,542 [Worker-0] INFO  o.e.m.c.i.embedder.EclipseLogger - skip non existing resourceDirectory C:\Niket\Java material\Hibernate\MavenHibernate\src\main\resources
2018-11-29 16:06:50,544 [Worker-0] INFO  o.e.m.c.i.embedder.EclipseLogger - Using 'UTF-8' encoding to copy filtered resources.
2018-11-29 16:06:50,544 [Worker-0] INFO  o.e.m.c.i.embedder.EclipseLogger - skip non existing resourceDirectory C:\Niket\Java material\Hibernate\MavenHibernate\src\test\resources
2018-11-29 16:06:52,581 [Worker-7] INFO  o.e.m.c.i.embedder.EclipseLogger - Using 'UTF-8' encoding to copy filtered resources.
2018-11-29 16:06:52,581 [Worker-7] INFO  o.e.m.c.i.embedder.EclipseLogger - skip non existing resourceDirectory C:\Niket\Java material\Hibernate\MavenHibernate\src\main\resources
2018-11-29 16:06:52,582 [Worker-7] INFO  o.e.m.c.i.embedder.EclipseLogger - Using 'UTF-8' encoding to copy filtered resources.
2018-11-29 16:06:52,583 [Worker-7] INFO  o.e.m.c.i.embedder.EclipseLogger - skip non existing resourceDirectory C:\Niket\Java material\Hibernate\MavenHibernate\src\test\resources
2018-11-29 16:30:40,397 [Worker-10] INFO  o.e.m.c.i.embedder.EclipseLogger - Using 'UTF-8' encoding to copy filtered resources.
2018-11-29 16:30:40,408 [Worker-10] INFO  o.e.m.c.i.embedder.EclipseLogger - Copying 0 resource
2018-11-29 16:30:40,409 [Worker-10] INFO  o.e.m.c.i.embedder.EclipseLogger - Using 'UTF-8' encoding to copy filtered resources.
2018-11-29 16:30:40,409 [Worker-10] INFO  o.e.m.c.i.embedder.EclipseLogger - skip non existing resourceDirectory C:\Niket\Java material\Hibernate\MavenHibernate\src\test\resources
2018-11-29 16:30:56,116 [Worker-17] INFO  o.e.m.c.i.embedder.EclipseLogger - Using 'UTF-8' encoding to copy filtered resources.
2018-11-29 16:30:56,116 [Worker-17] INFO  o.e.m.c.i.embedder.EclipseLogger - Copying 1 resource
2018-11-29 16:30:56,138 [Worker-17] INFO  o.e.m.c.i.embedder.EclipseLogger - Using 'UTF-8' encoding to copy filtered resources.
2018-11-29 16:30:56,138 [Worker-17] INFO  o.e.m.c.i.embedder.EclipseLogger - skip non existing resourceDirectory C:\Niket\Java material\Hibernate\MavenHibernate\src\test\resources
2018-11-29 16:31:00,431 [Worker-17] INFO  o.e.m.c.i.embedder.EclipseLogger - Using 'UTF-8' encoding to copy filtered resources.
2018-11-29 16:31:00,432 [Worker-17] INFO  o.e.m.c.i.embedder.EclipseLogger - Copying 1 resource
2018-11-29 16:31:00,436 [Worker-17] INFO  o.e.m.c.i.embedder.EclipseLogger - Using 'UTF-8' encoding to copy filtered resources.
2018-11-29 16:31:00,436 [Worker-17] INFO  o.e.m.c.i.embedder.EclipseLogger - skip non existing resourceDirectory C:\Niket\Java material\Hibernate\MavenHibernate\src\test\resources
2018-11-29 16:31:11,616 [Worker-18] INFO  o.e.m.c.i.embedder.EclipseLogger - Using 'UTF-8' encoding to copy filtered resources.
2018-11-29 16:31:11,616 [Worker-18] INFO  o.e.m.c.i.embedder.EclipseLogger - Copying 2 resources
2018-11-29 16:31:11,616 [Worker-18] INFO  o.e.m.c.i.embedder.EclipseLogger - Using 'UTF-8' encoding to copy filtered resources.
2018-11-29 16:31:11,616 [Worker-18] INFO  o.e.m.c.i.embedder.EclipseLogger - skip non existing resourceDirectory C:\Niket\Java material\Hibernate\MavenHibernate\src\test\resources
2018-11-29 16:31:13,538 [Worker-20] INFO  o.e.m.c.i.embedder.EclipseLogger - Using 'UTF-8' encoding to copy filtered resources.
2018-11-29 16:31:13,538 [Worker-20] INFO  o.e.m.c.i.embedder.EclipseLogger - Copying 2 resources
2018-11-29 16:31:13,538 [Worker-20] INFO  o.e.m.c.i.embedder.EclipseLogger - Using 'UTF-8' encoding to copy filtered resources.
2018-11-29 16:31:13,538 [Worker-20] INFO  o.e.m.c.i.embedder.EclipseLogger - skip non existing resourceDirectory C:\Niket\Java material\Hibernate\MavenHibernate\src\test\resources
2018-11-29 16:31:17,466 [Worker-19] INFO  o.e.m.c.i.embedder.EclipseLogger - Using 'UTF-8' encoding to copy filtered resources.
2018-11-29 16:31:17,466 [Worker-19] INFO  o.e.m.c.i.embedder.EclipseLogger - Copying 2 resources
2018-11-29 16:31:17,466 [Worker-19] INFO  o.e.m.c.i.embedder.EclipseLogger - Using 'UTF-8' encoding to copy filtered resources.
2018-11-29 16:31:17,466 [Worker-19] INFO  o.e.m.c.i.embedder.EclipseLogger - skip non existing resourceDirectory C:\Niket\Java material\Hibernate\MavenHibernate\src\test\resources
2018-11-29 16:47:34,240 [Worker-27] INFO  o.e.m.c.i.embedder.EclipseLogger - Using 'UTF-8' encoding to copy filtered resources.
2018-11-29 16:47:34,241 [Worker-27] INFO  o.e.m.c.i.embedder.EclipseLogger - Copying 2 resources
2018-11-29 16:47:34,246 [Worker-27] INFO  o.e.m.c.i.embedder.EclipseLogger - Using 'UTF-8' encoding to copy filtered resources.
2018-11-29 16:47:34,246 [Worker-27] INFO  o.e.m.c.i.embedder.EclipseLogger - skip non existing resourceDirectory C:\Niket\Java material\Hibernate\MavenHibernate\src\test\resources
2018-11-29 16:47:41,425 [Worker-27] INFO  o.e.m.c.i.embedder.EclipseLogger - Using 'UTF-8' encoding to copy filtered resources.
2018-11-29 16:47:41,426 [Worker-27] INFO  o.e.m.c.i.embedder.EclipseLogger - Copying 2 resources
2018-11-29 16:47:41,427 [Worker-27] INFO  o.e.m.c.i.embedder.EclipseLogger - Using 'UTF-8' encoding to copy filtered resources.
2018-11-29 16:47:41,427 [Worker-27] INFO  o.e.m.c.i.embedder.EclipseLogger - skip non existing resourceDirectory C:\Niket\Java material\Hibernate\MavenHibernate\src\test\resources
2018-11-29 16:47:52,663 [Worker-28] INFO  o.e.m.i.launch.MavenLaunchDelegate - C:\Niket\Java material\Hibernate\MavenHibernate
2018-11-29 16:47:52,664 [Worker-28] INFO  o.e.m.i.launch.MavenLaunchDelegate -  mvn  -B clean
2018-11-29 16:48:01,245 [Worker-27] INFO  o.e.m.i.launch.MavenLaunchDelegate - C:\Niket\Java material\Hibernate\MavenHibernate
2018-11-29 16:48:01,245 [Worker-27] INFO  o.e.m.i.launch.MavenLaunchDelegate -  mvn  -B install
2018-11-29 16:49:58,145 [Worker-35] INFO  o.e.m.c.i.embedder.EclipseLogger - Using 'UTF-8' encoding to copy filtered resources.
2018-11-29 16:49:58,147 [Worker-35] INFO  o.e.m.c.i.embedder.EclipseLogger - Copying 2 resources
2018-11-29 16:49:58,156 [Worker-35] INFO  o.e.m.c.i.embedder.EclipseLogger - Using 'UTF-8' encoding to copy filtered resources.
2018-11-29 16:49:58,157 [Worker-35] INFO  o.e.m.c.i.embedder.EclipseLogger - skip non existing resourceDirectory C:\Niket\Java material\Hibernate\MavenHibernate\src\test\resources
2018-11-29 16:50:04,204 [Worker-33] INFO  o.e.m.c.i.l.LifecycleMappingFactory - Using org.eclipse.m2e.jdt.JarLifecycleMapping lifecycle mapping for MavenProject: MavenHibernate:MavenHibernate:0.0.1-SNAPSHOT @ C:\Niket\Java material\Hibernate\MavenHibernate\pom.xml.
2018-11-29 16:50:04,571 [Worker-33] INFO  o.e.m.c.i.embedder.EclipseLogger - Using 'UTF-8' encoding to copy filtered resources.
2018-11-29 16:50:04,571 [Worker-33] INFO  o.e.m.c.i.embedder.EclipseLogger - Copying 2 resources
2018-11-29 16:50:04,580 [Worker-33] INFO  o.e.m.c.i.embedder.EclipseLogger - Using 'UTF-8' encoding to copy filtered resources.
2018-11-29 16:50:04,581 [Worker-33] INFO  o.e.m.c.i.embedder.EclipseLogger - skip non existing resourceDirectory C:\Niket\Java material\Hibernate\MavenHibernate\src\test\resources
2018-11-29 16:50:07,468 [Worker-36] INFO  o.e.m.i.launch.MavenLaunchDelegate - C:\Niket\Java material\Hibernate\MavenHibernate
2018-11-29 16:50:07,468 [Worker-36] INFO  o.e.m.i.launch.MavenLaunchDelegate -  mvn  -B install
2018-11-29 16:50:23,981 [Worker-22] INFO  o.e.m.c.i.embedder.EclipseLogger - Using 'UTF-8' encoding to copy filtered resources.
2018-11-29 16:50:23,981 [Worker-22] INFO  o.e.m.c.i.embedder.EclipseLogger - Copying 0 resource
2018-11-29 16:50:23,982 [Worker-22] INFO  o.e.m.c.i.embedder.EclipseLogger - Using 'UTF-8' encoding to copy filtered resources.
2018-11-29 16:50:23,983 [Worker-22] INFO  o.e.m.c.i.embedder.EclipseLogger - skip non existing resourceDirectory C:\Niket\Java material\Hibernate\MavenHibernate\src\test\resources
2018-11-29 16:50:45,339 [Worker-40] INFO  o.e.m.c.i.l.LifecycleMappingFactory - Using org.eclipse.m2e.jdt.JarLifecycleMapping lifecycle mapping for MavenProject: MavenHibernate:MavenHibernate:0.0.1-SNAPSHOT @ C:\Niket\Java material\Hibernate\MavenHibernate\pom.xml.
2018-11-29 16:50:45,667 [Worker-40] INFO  o.e.m.c.i.embedder.EclipseLogger - Using 'UTF-8' encoding to copy filtered resources.
2018-11-29 16:50:45,669 [Worker-40] INFO  o.e.m.c.i.embedder.EclipseLogger - Copying 2 resources
2018-11-29 16:50:45,680 [Worker-40] INFO  o.e.m.c.i.embedder.EclipseLogger - Using 'UTF-8' encoding to copy filtered resources.
2018-11-29 16:50:45,681 [Worker-40] INFO  o.e.m.c.i.embedder.EclipseLogger - skip non existing resourceDirectory C:\Niket\Java material\Hibernate\MavenHibernate\src\test\resources
2018-11-29 16:51:16,614 [Worker-35] INFO  o.e.m.c.i.embedder.EclipseLogger - Using 'UTF-8' encoding to copy filtered resources.
2018-11-29 16:51:16,615 [Worker-35] INFO  o.e.m.c.i.embedder.EclipseLogger - Copying 1 resource
2018-11-29 16:51:16,622 [Worker-35] INFO  o.e.m.c.i.embedder.EclipseLogger - Using 'UTF-8' encoding to copy filtered resources.
2018-11-29 16:51:16,623 [Worker-35] INFO  o.e.m.c.i.embedder.EclipseLogger - skip non existing resourceDirectory C:\Niket\Java material\Hibernate\MavenHibernate\src\test\resources
2018-11-29 16:51:18,716 [Worker-34] INFO  o.e.m.c.i.embedder.EclipseLogger - Using 'UTF-8' encoding to copy filtered resources.
2018-11-29 16:51:18,716 [Worker-34] INFO  o.e.m.c.i.embedder.EclipseLogger - Copying 1 resource
2018-11-29 16:51:18,720 [Worker-34] INFO  o.e.m.c.i.embedder.EclipseLogger - Using 'UTF-8' encoding to copy filtered resources.
2018-11-29 16:51:18,720 [Worker-34] INFO  o.e.m.c.i.embedder.EclipseLogger - skip non existing resourceDirectory C:\Niket\Java material\Hibernate\MavenHibernate\src\test\resources
2018-11-29 16:51:52,917 [Worker-33] INFO  o.e.m.c.i.embedder.EclipseLogger - Using 'UTF-8' encoding to copy filtered resources.
2018-11-29 16:51:52,917 [Worker-33] INFO  o.e.m.c.i.embedder.EclipseLogger - Copying 1 resource
2018-11-29 16:51:52,923 [Worker-33] INFO  o.e.m.c.i.embedder.EclipseLogger - Using 'UTF-8' encoding to copy filtered resources.
2018-11-29 16:51:52,923 [Worker-33] INFO  o.e.m.c.i.embedder.EclipseLogger - skip non existing resourceDirectory C:\Niket\Java material\Hibernate\MavenHibernate\src\test\resources
2018-11-29 21:07:52,097 [Worker-163] INFO  o.e.m.c.i.p.ProjectConfigurationManager - Collecting project info '/pom.xml' C:\Niket\Java material\Hibernate\HelloWithMaven\pom.xml
2018-11-29 21:07:52,264 [Worker-163] INFO  o.e.m.c.i.l.LifecycleMappingFactory - Using org.eclipse.m2e.jdt.JarLifecycleMapping lifecycle mapping for MavenProject: HelloWithMaven:HelloWithMaven:0.0.1-SNAPSHOT @ C:\Niket\Java material\Hibernate\HelloWithMaven\pom.xml.
2018-11-29 21:07:52,443 [Worker-163] INFO  o.e.m.j.i.AbstractJavaProjectConfigurator - Adding source folder /HelloWithMaven/src/main/java
2018-11-29 21:07:52,450 [Worker-163] INFO  o.e.m.j.i.AbstractJavaProjectConfigurator - Adding source folder /HelloWithMaven/src/test/java
2018-11-29 21:07:52,511 [Worker-163] INFO  o.e.m.c.i.p.ProjectConfigurationManager - Imported and configured 1 project(s) in 0 sec
2018-11-29 21:07:52,955 [Worker-162] INFO  o.e.m.c.i.l.LifecycleMappingFactory - Using org.eclipse.m2e.jdt.JarLifecycleMapping lifecycle mapping for MavenProject: HelloWithMaven:HelloWithMaven:0.0.1-SNAPSHOT @ C:\Niket\Java material\Hibernate\HelloWithMaven\pom.xml.
2018-11-29 21:07:53,076 [Worker-162] INFO  o.e.m.c.i.embedder.EclipseLogger - Using 'UTF-8' encoding to copy filtered resources.
2018-11-29 21:07:53,076 [Worker-162] INFO  o.e.m.c.i.embedder.EclipseLogger - skip non existing resourceDirectory C:\Niket\Java material\Hibernate\HelloWithMaven\src\main\resources
2018-11-29 21:07:53,078 [Worker-162] INFO  o.e.m.c.i.embedder.EclipseLogger - Using 'UTF-8' encoding to copy filtered resources.
2018-11-29 21:07:53,078 [Worker-162] INFO  o.e.m.c.i.embedder.EclipseLogger - skip non existing resourceDirectory C:\Niket\Java material\Hibernate\HelloWithMaven\src\test\resources
2018-11-29 21:07:53,694 [Worker-164] INFO  o.e.m.c.i.l.LifecycleMappingFactory - Using org.eclipse.m2e.jdt.JarLifecycleMapping lifecycle mapping for MavenProject: HelloWithMaven:HelloWithMaven:0.0.1-SNAPSHOT @ C:\Niket\Java material\Hibernate\HelloWithMaven\pom.xml.
2018-11-29 21:07:54,126 [Worker-162] INFO  o.e.m.c.i.embedder.EclipseLogger - Using 'UTF-8' encoding to copy filtered resources.
2018-11-29 21:07:54,126 [Worker-162] INFO  o.e.m.c.i.embedder.EclipseLogger - skip non existing resourceDirectory C:\Niket\Java material\Hibernate\HelloWithMaven\src\main\resources
2018-11-29 21:07:54,127 [Worker-162] INFO  o.e.m.c.i.embedder.EclipseLogger - Using 'UTF-8' encoding to copy filtered resources.
2018-11-29 21:07:54,127 [Worker-162] INFO  o.e.m.c.i.embedder.EclipseLogger - skip non existing resourceDirectory C:\Niket\Java material\Hibernate\HelloWithMaven\src\test\resources
2018-11-29 21:09:09,219 [Worker-164] INFO  o.e.m.c.i.embedder.EclipseLogger - Using 'UTF-8' encoding to copy filtered resources.
2018-11-29 21:09:09,219 [Worker-164] INFO  o.e.m.c.i.embedder.EclipseLogger - skip non existing resourceDirectory C:\Niket\Java material\Hibernate\HelloWithMaven\src\main\resources
2018-11-29 21:09:09,221 [Worker-164] INFO  o.e.m.c.i.embedder.EclipseLogger - Using 'UTF-8' encoding to copy filtered resources.
2018-11-29 21:09:09,221 [Worker-164] INFO  o.e.m.c.i.embedder.EclipseLogger - skip non existing resourceDirectory C:\Niket\Java material\Hibernate\HelloWithMaven\src\test\resources
2018-11-29 21:10:37,536 [Worker-162] INFO  o.e.m.c.i.l.LifecycleMappingFactory - Using org.eclipse.m2e.jdt.JarLifecycleMapping lifecycle mapping for MavenProject: HelloWithMaven:HelloWithMaven:0.0.1-SNAPSHOT @ C:\Niket\Java material\Hibernate\HelloWithMaven\pom.xml.
2018-11-29 21:10:37,854 [Worker-162] INFO  o.e.m.c.i.e.AbstractTransferListenerAdapter - Downloading http://repo.maven.apache.org/maven2/org/hibernate/hibernate-core/5.0.3.Final/hibernate-core-5.0.3.Final.pom
2018-11-29 21:10:38,219 [Worker-162] INFO  o.e.m.c.i.e.AbstractTransferListenerAdapter - Downloaded http://repo.maven.apache.org/maven2/org/hibernate/hibernate-core/5.0.3.Final/hibernate-core-5.0.3.Final.pom
2018-11-29 21:10:38,432 [Worker-162] INFO  o.e.m.c.i.e.AbstractTransferListenerAdapter - Downloading http://repo.maven.apache.org/maven2/org/jboss/jandex/2.0.0.CR1/jandex-2.0.0.CR1.pom
2018-11-29 21:10:38,738 [Worker-162] INFO  o.e.m.c.i.e.AbstractTransferListenerAdapter - Downloaded http://repo.maven.apache.org/maven2/org/jboss/jandex/2.0.0.CR1/jandex-2.0.0.CR1.pom
2018-11-29 21:10:38,901 [Worker-162] INFO  o.e.m.c.i.e.AbstractTransferListenerAdapter - Downloading http://repo.maven.apache.org/maven2/org/jboss/jboss-parent/12/jboss-parent-12.pom
2018-11-29 21:10:39,321 [Worker-162] INFO  o.e.m.c.i.e.AbstractTransferListenerAdapter - Downloaded http://repo.maven.apache.org/maven2/org/jboss/jboss-parent/12/jboss-parent-12.pom
2018-11-29 21:10:39,484 [Worker-162] INFO  o.e.m.c.i.e.AbstractTransferListenerAdapter - Downloading http://repo.maven.apache.org/maven2/org/apache/geronimo/specs/geronimo-jta_1.1_spec/1.1.1/geronimo-jta_1.1_spec-1.1.1.pom
2018-11-29 21:10:39,800 [Worker-162] INFO  o.e.m.c.i.e.AbstractTransferListenerAdapter - Downloaded http://repo.maven.apache.org/maven2/org/apache/geronimo/specs/geronimo-jta_1.1_spec/1.1.1/geronimo-jta_1.1_spec-1.1.1.pom
2018-11-29 21:10:40,058 [Worker-162] INFO  o.e.m.c.i.e.AbstractTransferListenerAdapter - Downloading http://repo.maven.apache.org/maven2/org/hibernate/common/hibernate-commons-annotations/5.0.0.Final/hibernate-commons-annotations-5.0.0.Final.pom
2018-11-29 21:10:40,344 [Worker-162] INFO  o.e.m.c.i.e.AbstractTransferListenerAdapter - Downloaded http://repo.maven.apache.org/maven2/org/hibernate/common/hibernate-commons-annotations/5.0.0.Final/hibernate-commons-annotations-5.0.0.Final.pom
2018-11-29 21:10:40,546 [Worker-162] INFO  o.e.m.c.i.e.AbstractTransferListenerAdapter - Downloading http://repo.maven.apache.org/maven2/org/hibernate/hibernate-core/5.0.3.Final/hibernate-core-5.0.3.Final.jar
2018-11-29 21:10:44,125 [Worker-162] INFO  o.e.m.c.i.e.AbstractTransferListenerAdapter - Downloaded http://repo.maven.apache.org/maven2/org/hibernate/hibernate-core/5.0.3.Final/hibernate-core-5.0.3.Final.jar
2018-11-29 21:10:44,265 [Worker-162] INFO  o.e.m.c.i.e.AbstractTransferListenerAdapter - Downloading http://repo.maven.apache.org/maven2/org/jboss/jandex/2.0.0.CR1/jandex-2.0.0.CR1.jar
2018-11-29 21:10:44,663 [Worker-162] INFO  o.e.m.c.i.e.AbstractTransferListenerAdapter - Downloaded http://repo.maven.apache.org/maven2/org/jboss/jandex/2.0.0.CR1/jandex-2.0.0.CR1.jar
2018-11-29 21:10:44,800 [Worker-162] INFO  o.e.m.c.i.e.AbstractTransferListenerAdapter - Downloading http://repo.maven.apache.org/maven2/org/apache/geronimo/specs/geronimo-jta_1.1_spec/1.1.1/geronimo-jta_1.1_spec-1.1.1.jar
2018-11-29 21:10:45,086 [Worker-162] INFO  o.e.m.c.i.e.AbstractTransferListenerAdapter - Downloaded http://repo.maven.apache.org/maven2/org/apache/geronimo/specs/geronimo-jta_1.1_spec/1.1.1/geronimo-jta_1.1_spec-1.1.1.jar
2018-11-29 21:10:45,223 [Worker-162] INFO  o.e.m.c.i.e.AbstractTransferListenerAdapter - Downloading http://repo.maven.apache.org/maven2/org/hibernate/common/hibernate-commons-annotations/5.0.0.Final/hibernate-commons-annotations-5.0.0.Final.jar
2018-11-29 21:10:45,536 [Worker-162] INFO  o.e.m.c.i.e.AbstractTransferListenerAdapter - Downloaded http://repo.maven.apache.org/maven2/org/hibernate/common/hibernate-commons-annotations/5.0.0.Final/hibernate-commons-annotations-5.0.0.Final.jar
2018-11-29 21:10:45,836 [Worker-162] INFO  o.e.m.c.i.l.LifecycleMappingFactory - Using org.eclipse.m2e.jdt.JarLifecycleMapping lifecycle mapping for MavenProject: MavenHibernate:MavenHibernate:0.0.1-SNAPSHOT @ C:\Niket\Java material\Hibernate\MavenHibernate\pom.xml.
2018-11-29 21:10:46,160 [Worker-162] INFO  o.e.m.c.i.embedder.EclipseLogger - Using 'UTF-8' encoding to copy filtered resources.
2018-11-29 21:10:46,160 [Worker-162] INFO  o.e.m.c.i.embedder.EclipseLogger - skip non existing resourceDirectory C:\Niket\Java material\Hibernate\HelloWithMaven\src\main\resources
2018-11-29 21:10:46,161 [Worker-162] INFO  o.e.m.c.i.embedder.EclipseLogger - Using 'UTF-8' encoding to copy filtered resources.
2018-11-29 21:10:46,162 [Worker-162] INFO  o.e.m.c.i.embedder.EclipseLogger - skip non existing resourceDirectory C:\Niket\Java material\Hibernate\HelloWithMaven\src\test\resources
2018-11-29 21:10:46,568 [Worker-169] INFO  o.e.m.c.i.l.LifecycleMappingFactory - Using org.eclipse.m2e.jdt.JarLifecycleMapping lifecycle mapping for MavenProject: HelloWithMaven:HelloWithMaven:0.0.1-SNAPSHOT @ C:\Niket\Java material\Hibernate\HelloWithMaven\pom.xml.
2018-11-29 21:10:46,927 [Worker-169] INFO  o.e.m.c.i.embedder.EclipseLogger - Using 'UTF-8' encoding to copy filtered resources.
2018-11-29 21:10:46,927 [Worker-169] INFO  o.e.m.c.i.embedder.EclipseLogger - skip non existing resourceDirectory C:\Niket\Java material\Hibernate\HelloWithMaven\src\main\resources
2018-11-29 21:10:46,928 [Worker-169] INFO  o.e.m.c.i.embedder.EclipseLogger - Using 'UTF-8' encoding to copy filtered resources.
2018-11-29 21:10:46,928 [Worker-169] INFO  o.e.m.c.i.embedder.EclipseLogger - skip non existing resourceDirectory C:\Niket\Java material\Hibernate\HelloWithMaven\src\test\resources
2018-11-29 21:10:47,676 [Worker-169] INFO  o.e.m.c.i.embedder.EclipseLogger - Using 'UTF-8' encoding to copy filtered resources.
2018-11-29 21:10:47,676 [Worker-169] INFO  o.e.m.c.i.embedder.EclipseLogger - Copying 0 resource
2018-11-29 21:10:47,677 [Worker-169] INFO  o.e.m.c.i.embedder.EclipseLogger - Using 'UTF-8' encoding to copy filtered resources.
2018-11-29 21:10:47,678 [Worker-169] INFO  o.e.m.c.i.embedder.EclipseLogger - skip non existing resourceDirectory C:\Niket\Java material\Hibernate\MavenHibernate\src\test\resources
2018-11-29 21:12:55,797 [Worker-173] INFO  o.e.m.c.i.l.LifecycleMappingFactory - Using org.eclipse.m2e.jdt.JarLifecycleMapping lifecycle mapping for MavenProject: HelloWithMaven:HelloWithMaven:0.0.1-SNAPSHOT @ C:\Niket\Java material\Hibernate\HelloWithMaven\pom.xml.
2018-11-29 21:12:55,848 [Worker-164] INFO  o.e.m.c.i.e.AbstractTransferListenerAdapter - Downloading http://repo.maven.apache.org/maven2/com/h2database/h2/1.4.194/h2-1.4.194.pom
2018-11-29 21:12:56,135 [Worker-164] INFO  o.e.m.c.i.e.AbstractTransferListenerAdapter - Downloaded http://repo.maven.apache.org/maven2/com/h2database/h2/1.4.194/h2-1.4.194.pom
2018-11-29 21:12:56,369 [Worker-164] INFO  o.e.m.c.i.e.AbstractTransferListenerAdapter - Downloading http://repo.maven.apache.org/maven2/com/h2database/h2/1.4.194/h2-1.4.194.jar
2018-11-29 21:12:57,445 [Worker-164] INFO  o.e.m.c.i.e.AbstractTransferListenerAdapter - Downloaded http://repo.maven.apache.org/maven2/com/h2database/h2/1.4.194/h2-1.4.194.jar
2018-11-29 21:12:57,722 [Worker-173] INFO  o.e.m.c.i.embedder.EclipseLogger - Using 'UTF-8' encoding to copy filtered resources.
2018-11-29 21:12:57,722 [Worker-173] INFO  o.e.m.c.i.embedder.EclipseLogger - skip non existing resourceDirectory C:\Niket\Java material\Hibernate\HelloWithMaven\src\main\resources
2018-11-29 21:12:57,724 [Worker-173] INFO  o.e.m.c.i.embedder.EclipseLogger - Using 'UTF-8' encoding to copy filtered resources.
2018-11-29 21:12:57,724 [Worker-173] INFO  o.e.m.c.i.embedder.EclipseLogger - skip non existing resourceDirectory C:\Niket\Java material\Hibernate\HelloWithMaven\src\test\resources
2018-11-29 21:12:59,070 [Worker-174] INFO  o.e.m.c.i.embedder.EclipseLogger - Using 'UTF-8' encoding to copy filtered resources.
2018-11-29 21:12:59,070 [Worker-174] INFO  o.e.m.c.i.embedder.EclipseLogger - skip non existing resourceDirectory C:\Niket\Java material\Hibernate\HelloWithMaven\src\main\resources
2018-11-29 21:12:59,072 [Worker-174] INFO  o.e.m.c.i.embedder.EclipseLogger - Using 'UTF-8' encoding to copy filtered resources.
2018-11-29 21:12:59,072 [Worker-174] INFO  o.e.m.c.i.embedder.EclipseLogger - skip non existing resourceDirectory C:\Niket\Java material\Hibernate\HelloWithMaven\src\test\resources
2018-11-29 21:13:11,330 [Worker-173] INFO  o.e.m.c.i.embedder.EclipseLogger - Using 'UTF-8' encoding to copy filtered resources.
2018-11-29 21:13:11,331 [Worker-173] INFO  o.e.m.c.i.embedder.EclipseLogger - skip non existing resourceDirectory C:\Niket\Java material\Hibernate\HelloWithMaven\src\main\resources
2018-11-29 21:13:11,332 [Worker-173] INFO  o.e.m.c.i.embedder.EclipseLogger - Using 'UTF-8' encoding to copy filtered resources.
2018-11-29 21:13:11,332 [Worker-173] INFO  o.e.m.c.i.embedder.EclipseLogger - skip non existing resourceDirectory C:\Niket\Java material\Hibernate\HelloWithMaven\src\test\resources
2018-11-29 21:13:47,465 [Worker-174] INFO  o.e.m.c.i.embedder.EclipseLogger - Using 'UTF-8' encoding to copy filtered resources.
2018-11-29 21:13:47,466 [Worker-174] INFO  o.e.m.c.i.embedder.EclipseLogger - skip non existing resourceDirectory C:\Niket\Java material\Hibernate\HelloWithMaven\src\main\resources
2018-11-29 21:13:47,467 [Worker-174] INFO  o.e.m.c.i.embedder.EclipseLogger - Using 'UTF-8' encoding to copy filtered resources.
2018-11-29 21:13:47,467 [Worker-174] INFO  o.e.m.c.i.embedder.EclipseLogger - skip non existing resourceDirectory C:\Niket\Java material\Hibernate\HelloWithMaven\src\test\resources
2018-11-29 21:13:49,366 [Worker-173] INFO  o.e.m.c.i.embedder.EclipseLogger - Using 'UTF-8' encoding to copy filtered resources.
2018-11-29 21:13:49,366 [Worker-173] INFO  o.e.m.c.i.embedder.EclipseLogger - skip non existing resourceDirectory C:\Niket\Java material\Hibernate\HelloWithMaven\src\main\resources
2018-11-29 21:13:49,367 [Worker-173] INFO  o.e.m.c.i.embedder.EclipseLogger - Using 'UTF-8' encoding to copy filtered resources.
2018-11-29 21:13:49,367 [Worker-173] INFO  o.e.m.c.i.embedder.EclipseLogger - skip non existing resourceDirectory C:\Niket\Java material\Hibernate\HelloWithMaven\src\test\resources
2018-11-29 21:14:02,741 [Worker-162] INFO  o.e.m.c.i.embedder.EclipseLogger - Using 'UTF-8' encoding to copy filtered resources.
2018-11-29 21:14:02,741 [Worker-162] INFO  o.e.m.c.i.embedder.EclipseLogger - skip non existing resourceDirectory C:\Niket\Java material\Hibernate\HelloWithMaven\src\main\resources
2018-11-29 21:14:02,742 [Worker-162] INFO  o.e.m.c.i.embedder.EclipseLogger - Using 'UTF-8' encoding to copy filtered resources.
2018-11-29 21:14:02,742 [Worker-162] INFO  o.e.m.c.i.embedder.EclipseLogger - skip non existing resourceDirectory C:\Niket\Java material\Hibernate\HelloWithMaven\src\test\resources
2018-11-29 21:14:46,720 [Worker-164] INFO  o.e.m.c.i.embedder.EclipseLogger - Using 'UTF-8' encoding to copy filtered resources.
2018-11-29 21:14:46,721 [Worker-164] INFO  o.e.m.c.i.embedder.EclipseLogger - Copying 0 resource
2018-11-29 21:14:46,722 [Worker-164] INFO  o.e.m.c.i.embedder.EclipseLogger - Using 'UTF-8' encoding to copy filtered resources.
2018-11-29 21:14:46,722 [Worker-164] INFO  o.e.m.c.i.embedder.EclipseLogger - skip non existing resourceDirectory C:\Niket\Java material\Hibernate\HelloWithMaven\src\test\resources
2018-11-29 21:15:24,494 [Worker-162] INFO  o.e.m.c.i.embedder.EclipseLogger - Using 'UTF-8' encoding to copy filtered resources.
2018-11-29 21:15:24,495 [Worker-162] INFO  o.e.m.c.i.embedder.EclipseLogger - Copying 2 resources
2018-11-29 21:15:24,502 [Worker-162] INFO  o.e.m.c.i.embedder.EclipseLogger - Using 'UTF-8' encoding to copy filtered resources.
2018-11-29 21:15:24,503 [Worker-162] INFO  o.e.m.c.i.embedder.EclipseLogger - skip non existing resourceDirectory C:\Niket\Java material\Hibernate\HelloWithMaven\src\test\resources
2018-11-29 21:15:49,649 [Worker-175] INFO  o.e.m.c.i.embedder.EclipseLogger - Using 'UTF-8' encoding to copy filtered resources.
2018-11-29 21:15:49,649 [Worker-175] INFO  o.e.m.c.i.embedder.EclipseLogger - Copying 1 resource
2018-11-29 21:15:49,652 [Worker-175] INFO  o.e.m.c.i.embedder.EclipseLogger - Using 'UTF-8' encoding to copy filtered resources.
2018-11-29 21:15:49,653 [Worker-175] INFO  o.e.m.c.i.embedder.EclipseLogger - skip non existing resourceDirectory C:\Niket\Java material\Hibernate\HelloWithMaven\src\test\resources
2018-11-29 21:15:53,782 [Worker-174] INFO  o.e.m.c.i.embedder.EclipseLogger - Using 'UTF-8' encoding to copy filtered resources.
2018-11-29 21:15:53,783 [Worker-174] INFO  o.e.m.c.i.embedder.EclipseLogger - Copying 1 resource
2018-11-29 21:15:53,786 [Worker-174] INFO  o.e.m.c.i.embedder.EclipseLogger - Using 'UTF-8' encoding to copy filtered resources.
2018-11-29 21:15:53,786 [Worker-174] INFO  o.e.m.c.i.embedder.EclipseLogger - skip non existing resourceDirectory C:\Niket\Java material\Hibernate\HelloWithMaven\src\test\resources
2018-11-29 21:16:05,105 [Worker-176] INFO  o.e.m.c.i.embedder.EclipseLogger - Using 'UTF-8' encoding to copy filtered resources.
2018-11-29 21:16:05,105 [Worker-176] INFO  o.e.m.c.i.embedder.EclipseLogger - Copying 1 resource
2018-11-29 21:16:05,112 [Worker-176] INFO  o.e.m.c.i.embedder.EclipseLogger - Using 'UTF-8' encoding to copy filtered resources.
2018-11-29 21:16:05,112 [Worker-176] INFO  o.e.m.c.i.embedder.EclipseLogger - skip non existing resourceDirectory C:\Niket\Java material\Hibernate\HelloWithMaven\src\test\resources
2018-11-29 21:16:11,194 [Worker-174] INFO  o.e.m.c.i.embedder.EclipseLogger - Using 'UTF-8' encoding to copy filtered resources.
2018-11-29 21:16:11,194 [Worker-174] INFO  o.e.m.c.i.embedder.EclipseLogger - Copying 1 resource
2018-11-29 21:16:11,197 [Worker-174] INFO  o.e.m.c.i.embedder.EclipseLogger - Using 'UTF-8' encoding to copy filtered resources.
2018-11-29 21:16:11,198 [Worker-174] INFO  o.e.m.c.i.embedder.EclipseLogger - skip non existing resourceDirectory C:\Niket\Java material\Hibernate\HelloWithMaven\src\test\resources
2018-11-29 21:16:54,737 [Worker-164] INFO  o.e.m.c.i.embedder.EclipseLogger - Using 'UTF-8' encoding to copy filtered resources.
2018-11-29 21:16:54,738 [Worker-164] INFO  o.e.m.c.i.embedder.EclipseLogger - Copying 1 resource
2018-11-29 21:16:54,744 [Worker-164] INFO  o.e.m.c.i.embedder.EclipseLogger - Using 'UTF-8' encoding to copy filtered resources.
2018-11-29 21:16:54,745 [Worker-164] INFO  o.e.m.c.i.embedder.EclipseLogger - skip non existing resourceDirectory C:\Niket\Java material\Hibernate\HelloWithMaven\src\test\resources
2018-11-29 21:18:05,279 [Worker-164] INFO  o.e.m.c.i.embedder.EclipseLogger - Using 'UTF-8' encoding to copy filtered resources.
2018-11-29 21:18:05,280 [Worker-164] INFO  o.e.m.c.i.embedder.EclipseLogger - Copying 2 resources
2018-11-29 21:18:05,285 [Worker-164] INFO  o.e.m.c.i.embedder.EclipseLogger - Using 'UTF-8' encoding to copy filtered resources.
2018-11-29 21:18:05,285 [Worker-164] INFO  o.e.m.c.i.embedder.EclipseLogger - skip non existing resourceDirectory C:\Niket\Java material\Hibernate\HelloWithMaven\src\test\resources
2018-11-29 21:18:32,650 [Worker-175] INFO  o.e.m.c.i.embedder.EclipseLogger - Using 'UTF-8' encoding to copy filtered resources.
2018-11-29 21:18:32,651 [Worker-175] INFO  o.e.m.c.i.embedder.EclipseLogger - Copying 2 resources
2018-11-29 21:18:32,651 [Worker-175] INFO  o.e.m.c.i.embedder.EclipseLogger - Using 'UTF-8' encoding to copy filtered resources.
2018-11-29 21:18:32,652 [Worker-175] INFO  o.e.m.c.i.embedder.EclipseLogger - skip non existing resourceDirectory C:\Niket\Java material\Hibernate\HelloWithMaven\src\test\resources
2018-11-29 21:19:54,560 [Worker-179] INFO  o.e.m.c.i.embedder.EclipseLogger - Using 'UTF-8' encoding to copy filtered resources.
2018-11-29 21:19:54,561 [Worker-179] INFO  o.e.m.c.i.embedder.EclipseLogger - Copying 2 resources
2018-11-29 21:19:54,565 [Worker-179] INFO  o.e.m.c.i.embedder.EclipseLogger - Using 'UTF-8' encoding to copy filtered resources.
2018-11-29 21:19:54,566 [Worker-179] INFO  o.e.m.c.i.embedder.EclipseLogger - skip non existing resourceDirectory C:\Niket\Java material\Hibernate\HelloWithMaven\src\test\resources
2018-11-29 21:24:17,951 [Worker-184] INFO  o.e.m.c.i.embedder.EclipseLogger - Using 'UTF-8' encoding to copy filtered resources.
2018-11-29 21:24:17,953 [Worker-184] INFO  o.e.m.c.i.embedder.EclipseLogger - Copying 2 resources
2018-11-29 21:24:17,958 [Worker-184] INFO  o.e.m.c.i.embedder.EclipseLogger - Using 'UTF-8' encoding to copy filtered resources.
2018-11-29 21:24:17,958 [Worker-184] INFO  o.e.m.c.i.embedder.EclipseLogger - skip non existing resourceDirectory C:\Niket\Java material\Hibernate\HelloWithMaven\src\test\resources
2018-11-29 21:24:32,269 [Worker-179] INFO  o.e.m.c.i.embedder.EclipseLogger - Using 'UTF-8' encoding to copy filtered resources.
2018-11-29 21:24:32,270 [Worker-179] INFO  o.e.m.c.i.embedder.EclipseLogger - Copying 2 resources
2018-11-29 21:24:32,271 [Worker-179] INFO  o.e.m.c.i.embedder.EclipseLogger - Using 'UTF-8' encoding to copy filtered resources.
2018-11-29 21:24:32,271 [Worker-179] INFO  o.e.m.c.i.embedder.EclipseLogger - skip non existing resourceDirectory C:\Niket\Java material\Hibernate\HelloWithMaven\src\test\resources
2018-11-29 21:26:32,801 [Worker-179] INFO  o.e.m.c.i.embedder.EclipseLogger - Using 'UTF-8' encoding to copy filtered resources.
2018-11-29 21:26:32,802 [Worker-179] INFO  o.e.m.c.i.embedder.EclipseLogger - Copying 2 resources
2018-11-29 21:26:32,806 [Worker-179] INFO  o.e.m.c.i.embedder.EclipseLogger - Using 'UTF-8' encoding to copy filtered resources.
2018-11-29 21:26:32,806 [Worker-179] INFO  o.e.m.c.i.embedder.EclipseLogger - skip non existing resourceDirectory C:\Niket\Java material\Hibernate\HelloWithMaven\src\test\resources
2018-11-29 21:26:58,677 [Worker-187] INFO  o.e.m.c.i.embedder.EclipseLogger - Using 'UTF-8' encoding to copy filtered resources.
2018-11-29 21:26:58,677 [Worker-187] INFO  o.e.m.c.i.embedder.EclipseLogger - Copying 1 resource
2018-11-29 21:26:58,680 [Worker-187] INFO  o.e.m.c.i.embedder.EclipseLogger - Using 'UTF-8' encoding to copy filtered resources.
2018-11-29 21:26:58,681 [Worker-187] INFO  o.e.m.c.i.embedder.EclipseLogger - skip non existing resourceDirectory C:\Niket\Java material\Hibernate\HelloWithMaven\src\test\resources
2018-11-29 21:27:56,593 [Worker-187] INFO  o.e.m.i.launch.MavenLaunchDelegate - C:\Niket\Java material\Hibernate\HelloWithMaven
2018-11-29 21:27:56,593 [Worker-187] INFO  o.e.m.i.launch.MavenLaunchDelegate -  mvn  -B clean
2018-11-29 21:28:24,184 [Worker-164] INFO  o.e.m.i.launch.MavenLaunchDelegate - C:\Niket\Java material\Hibernate\HelloWithMaven
2018-11-29 21:28:24,184 [Worker-164] INFO  o.e.m.i.launch.MavenLaunchDelegate -  mvn  -B install
2018-11-29 21:29:46,639 [Worker-179] INFO  o.e.m.i.launch.MavenLaunchDelegate - C:\Niket\Java material\Hibernate\HelloWithMaven
2018-11-29 21:29:46,639 [Worker-179] INFO  o.e.m.i.launch.MavenLaunchDelegate -  mvn  -B install
2018-11-29 21:29:52,551 [Worker-185] INFO  o.e.m.c.i.embedder.EclipseLogger - Using 'UTF-8' encoding to copy filtered resources.
2018-11-29 21:29:52,552 [Worker-185] INFO  o.e.m.c.i.embedder.EclipseLogger - Copying 2 resources
2018-11-29 21:29:52,555 [Worker-185] INFO  o.e.m.c.i.embedder.EclipseLogger - Using 'UTF-8' encoding to copy filtered resources.
2018-11-29 21:29:52,555 [Worker-185] INFO  o.e.m.c.i.embedder.EclipseLogger - skip non existing resourceDirectory C:\Niket\Java material\Hibernate\HelloWithMaven\src\test\resources
2018-11-29 21:32:27,136 [Worker-190] INFO  o.e.m.c.i.l.LifecycleMappingFactory - Using org.eclipse.m2e.jdt.JarLifecycleMapping lifecycle mapping for MavenProject: HelloWithMaven:HelloWithMaven:0.0.1-SNAPSHOT @ C:\Niket\Java material\Hibernate\HelloWithMaven\pom.xml.
2018-11-29 21:32:27,539 [Worker-190] INFO  o.e.m.c.i.embedder.EclipseLogger - Using 'UTF-8' encoding to copy filtered resources.
2018-11-29 21:32:27,541 [Worker-190] INFO  o.e.m.c.i.embedder.EclipseLogger - Copying 2 resources
2018-11-29 21:32:27,549 [Worker-190] INFO  o.e.m.c.i.embedder.EclipseLogger - Using 'UTF-8' encoding to copy filtered resources.
2018-11-29 21:32:27,549 [Worker-190] INFO  o.e.m.c.i.embedder.EclipseLogger - skip non existing resourceDirectory C:\Niket\Java material\Hibernate\HelloWithMaven\src\test\resources
2018-11-29 21:33:08,332 [Worker-187] INFO  o.e.m.c.i.embedder.EclipseLogger - Using 'UTF-8' encoding to copy filtered resources.
2018-11-29 21:33:08,333 [Worker-187] INFO  o.e.m.c.i.embedder.EclipseLogger - Copying 2 resources
2018-11-29 21:33:08,336 [Worker-187] INFO  o.e.m.c.i.embedder.EclipseLogger - Using 'UTF-8' encoding to copy filtered resources.
2018-11-29 21:33:08,336 [Worker-187] INFO  o.e.m.c.i.embedder.EclipseLogger - skip non existing resourceDirectory C:\Niket\Java material\Hibernate\HelloWithMaven\src\test\resources
